<?xml version="1.0" encoding="UTF-8"?>
<testsuite name="com.ecommerce.EcommerceApplicationTests" tests="4" skipped="0" failures="2" errors="0" timestamp="2026-06-02T08:09:55.863Z" hostname="Danangs-MacBook-Pro.local" time="3.006">
  <properties/>
  <testcase name="customerCanCheckoutAndAdminCanAdvanceStatus()" classname="com.ecommerce.EcommerceApplicationTests" time="0.448">
    <failure message="java.lang.AssertionError: Status expected:&lt;200&gt; but was:&lt;401&gt;" type="java.lang.AssertionError">java.lang.AssertionError: Status expected:&lt;200&gt; but was:&lt;401&gt;
	at org.springframework.test.util.AssertionErrors.fail(AssertionErrors.java:59)
	at org.springframework.test.util.AssertionErrors.assertEquals(AssertionErrors.java:122)
	at org.springframework.test.web.servlet.result.StatusResultMatchers.lambda$matcher$9(StatusResultMatchers.java:637)
	at org.springframework.test.web.servlet.MockMvc$1.andExpect(MockMvc.java:214)
	at com.ecommerce.EcommerceApplicationTests.loginAsAdmin(EcommerceApplicationTests.java:224)
	at com.ecommerce.EcommerceApplicationTests.createProductAsAdmin(EcommerceApplicationTests.java:190)
	at com.ecommerce.EcommerceApplicationTests.customerCanCheckoutAndAdminCanAdvanceStatus(EcommerceApplicationTests.java:126)
	at java.base/java.lang.reflect.Method.invoke(Method.java:569)
	at java.base/java.util.ArrayList.forEach(ArrayList.java:1511)
	at java.base/java.util.ArrayList.forEach(ArrayList.java:1511)
</failure>
  </testcase>
  <testcase name="customerCannotAccessAdminReport()" classname="com.ecommerce.EcommerceApplicationTests" time="0.107"/>
  <testcase name="registerLoginAndMeFlowWorks()" classname="com.ecommerce.EcommerceApplicationTests" time="0.15"/>
  <testcase name="publicProductListOnlyShowsActiveProducts()" classname="com.ecommerce.EcommerceApplicationTests" time="0.066">
    <failure message="java.lang.AssertionError: Status expected:&lt;200&gt; but was:&lt;401&gt;" type="java.lang.AssertionError">java.lang.AssertionError: Status expected:&lt;200&gt; but was:&lt;401&gt;
	at org.springframework.test.util.AssertionErrors.fail(AssertionErrors.java:59)
	at org.springframework.test.util.AssertionErrors.assertEquals(AssertionErrors.java:122)
	at org.springframework.test.web.servlet.result.StatusResultMatchers.lambda$matcher$9(StatusResultMatchers.java:637)
	at org.springframework.test.web.servlet.MockMvc$1.andExpect(MockMvc.java:214)
	at com.ecommerce.EcommerceApplicationTests.loginAsAdmin(EcommerceApplicationTests.java:224)
	at com.ecommerce.EcommerceApplicationTests.createProductAsAdmin(EcommerceApplicationTests.java:190)
	at com.ecommerce.EcommerceApplicationTests.publicProductListOnlyShowsActiveProducts(EcommerceApplicationTests.java:114)
	at java.base/java.lang.reflect.Method.invoke(Method.java:569)
	at java.base/java.util.ArrayList.forEach(ArrayList.java:1511)
	at java.base/java.util.ArrayList.forEach(ArrayList.java:1511)
</failure>
  </testcase>
  <system-out><![CDATA[15:09:55.910 [Test worker] INFO org.springframework.test.context.support.AnnotationConfigContextLoaderUtils -- Could not detect default configuration classes for test class [com.ecommerce.EcommerceApplicationTests]: EcommerceApplicationTests does not declare any static, non-private, non-final, nested classes annotated with @Configuration.
15:09:55.947 [Test worker] INFO org.springframework.boot.test.context.SpringBootTestContextBootstrapper -- Found @SpringBootConfiguration com.ecommerce.EcommerceApplication for test class com.ecommerce.EcommerceApplicationTests

  .   ____          _            __ _ _
 /\\ / ___'_ __ _ _(_)_ __  __ _ \ \ \ \
( ( )\___ | '_ | '_| | '_ \/ _` | \ \ \ \
 \\/  ___)| |_)| | | | | || (_| |  ) ) ) )
  '  |____| .__|_| |_|_| |_\__, | / / / /
 =========|_|==============|___/=/_/_/_/

 :: Spring Boot ::                (v3.3.2)

2026-06-02T15:09:56.055+07:00  INFO 83159 --- [    Test worker] c.ecommerce.EcommerceApplicationTests    : Starting EcommerceApplicationTests using Java 17.0.19 with PID 83159 (started by danang in /Users/danang/Documents/gits/ecommerce)
2026-06-02T15:09:56.056+07:00  INFO 83159 --- [    Test worker] c.ecommerce.EcommerceApplicationTests    : No active profile set, falling back to 1 default profile: "default"
2026-06-02T15:09:56.332+07:00  INFO 83159 --- [    Test worker] .s.d.r.c.RepositoryConfigurationDelegate : Bootstrapping Spring Data JPA repositories in DEFAULT mode.
2026-06-02T15:09:56.356+07:00  INFO 83159 --- [    Test worker] .s.d.r.c.RepositoryConfigurationDelegate : Finished Spring Data repository scanning in 21 ms. Found 7 JPA repository interfaces.
2026-06-02T15:09:56.588+07:00  INFO 83159 --- [    Test worker] com.zaxxer.hikari.HikariDataSource       : HikariPool-1 - Starting...
2026-06-02T15:09:56.646+07:00  INFO 83159 --- [    Test worker] com.zaxxer.hikari.pool.HikariPool        : HikariPool-1 - Added connection conn0: url=jdbc:h2:mem:ecommerce user=SA
2026-06-02T15:09:56.647+07:00  INFO 83159 --- [    Test worker] com.zaxxer.hikari.HikariDataSource       : HikariPool-1 - Start completed.
2026-06-02T15:09:56.664+07:00  INFO 83159 --- [    Test worker] org.flywaydb.core.FlywayExecutor         : Database: jdbc:h2:mem:ecommerce (H2 2.2)
2026-06-02T15:09:56.667+07:00  WARN 83159 --- [    Test worker] o.f.c.internal.database.base.Database    : Flyway upgrade recommended: H2 2.2.224 is newer than this version of Flyway and support has not been tested. The latest supported version of H2 is 2.2.220.
2026-06-02T15:09:56.673+07:00  INFO 83159 --- [    Test worker] o.f.c.i.s.JdbcTableSchemaHistory         : Schema history table "PUBLIC"."flyway_schema_history" does not exist yet
2026-06-02T15:09:56.674+07:00  INFO 83159 --- [    Test worker] o.f.core.internal.command.DbValidate     : Successfully validated 1 migration (execution time 00:00.003s)
2026-06-02T15:09:56.676+07:00  INFO 83159 --- [    Test worker] o.f.c.i.s.JdbcTableSchemaHistory         : Creating Schema History table "PUBLIC"."flyway_schema_history" ...
2026-06-02T15:09:56.688+07:00  INFO 83159 --- [    Test worker] o.f.core.internal.command.DbMigrate      : Current version of schema "PUBLIC": << Empty Schema >>
2026-06-02T15:09:56.693+07:00  INFO 83159 --- [    Test worker] o.f.core.internal.command.DbMigrate      : Migrating schema "PUBLIC" to version "1 - init schema"
2026-06-02T15:09:56.709+07:00  INFO 83159 --- [    Test worker] o.f.core.internal.command.DbMigrate      : Successfully applied 1 migration to schema "PUBLIC", now at version v1 (execution time 00:00.009s)
2026-06-02T15:09:56.738+07:00  INFO 83159 --- [    Test worker] o.hibernate.jpa.internal.util.LogHelper  : HHH000204: Processing PersistenceUnitInfo [name: default]
2026-06-02T15:09:56.756+07:00  INFO 83159 --- [    Test worker] org.hibernate.Version                    : HHH000412: Hibernate ORM core version 6.5.2.Final
2026-06-02T15:09:56.765+07:00  INFO 83159 --- [    Test worker] o.h.c.internal.RegionFactoryInitiator    : HHH000026: Second-level cache disabled
2026-06-02T15:09:56.850+07:00  INFO 83159 --- [    Test worker] o.s.o.j.p.SpringPersistenceUnitInfo      : No LoadTimeWeaver setup: ignoring JPA class transformer
2026-06-02T15:09:57.198+07:00  INFO 83159 --- [    Test worker] o.h.e.t.j.p.i.JtaPlatformInitiator       : HHH000489: No JTA platform available (set 'hibernate.transaction.jta.platform' to enable JTA platform integration)
2026-06-02T15:09:57.214+07:00  INFO 83159 --- [    Test worker] j.LocalContainerEntityManagerFactoryBean : Initialized JPA EntityManagerFactory for persistence unit 'default'
2026-06-02T15:09:57.322+07:00  INFO 83159 --- [    Test worker] o.s.d.j.r.query.QueryEnhancerFactory     : Hibernate is in classpath; If applicable, HQL parser will be used.
2026-06-02T15:09:57.726+07:00  INFO 83159 --- [    Test worker] eAuthenticationProviderManagerConfigurer : Global AuthenticationManager configured with AuthenticationProvider bean with name authenticationProvider
2026-06-02T15:09:57.726+07:00  WARN 83159 --- [    Test worker] r$InitializeUserDetailsManagerConfigurer : Global AuthenticationManager configured with an AuthenticationProvider bean. UserDetailsService beans will not be used for username/password login. Consider removing the AuthenticationProvider bean. Alternatively, consider using the UserDetailsService in a manually instantiated DaoAuthenticationProvider.
2026-06-02T15:09:58.080+07:00  INFO 83159 --- [    Test worker] o.s.b.t.m.w.SpringBootMockServletContext : Initializing Spring TestDispatcherServlet ''
2026-06-02T15:09:58.080+07:00  INFO 83159 --- [    Test worker] o.s.t.web.servlet.TestDispatcherServlet  : Initializing Servlet ''
2026-06-02T15:09:58.081+07:00  INFO 83159 --- [    Test worker] o.s.t.web.servlet.TestDispatcherServlet  : Completed initialization in 1 ms
2026-06-02T15:09:58.092+07:00  INFO 83159 --- [    Test worker] c.ecommerce.EcommerceApplicationTests    : Started EcommerceApplicationTests in 2.102 seconds (process running for 2.456)

MockHttpServletRequest:
      HTTP Method = POST
      Request URI = /api/v1/auth/login
       Parameters = {}
          Headers = [Content-Type:"application/json;charset=UTF-8", Content-Length:"51"]
             Body = {"email":"admin@example.com","password":"admin123"}
    Session Attrs = {}

Handler:
             Type = com.ecommerce.controller.AuthController
           Method = com.ecommerce.controller.AuthController#login(LoginRequest)

Async:
    Async started = false
     Async result = null

Resolved Exception:
             Type = org.springframework.security.authentication.BadCredentialsException

ModelAndView:
        View name = null
             View = null
            Model = null

FlashMap:
       Attributes = null

MockHttpServletResponse:
           Status = 401
    Error message = null
          Headers = [Vary:"Origin", "Access-Control-Request-Method", "Access-Control-Request-Headers", Content-Type:"application/json", X-Content-Type-Options:"nosniff", X-XSS-Protection:"0", Cache-Control:"no-cache, no-store, max-age=0, must-revalidate", Pragma:"no-cache", Expires:"0", X-Frame-Options:"DENY"]
     Content type = application/json
             Body = {"success":false,"message":"Invalid credentials","errors":["Invalid credentials"],"timestamp":"2026-06-02T08:09:58.532925Z"}
    Forwarded URL = null
   Redirected URL = null
          Cookies = []

MockHttpServletRequest:
      HTTP Method = POST
      Request URI = /api/v1/auth/login
       Parameters = {}
          Headers = [Content-Type:"application/json;charset=UTF-8", Content-Length:"51"]
             Body = {"email":"admin@example.com","password":"admin123"}
    Session Attrs = {}

Handler:
             Type = com.ecommerce.controller.AuthController
           Method = com.ecommerce.controller.AuthController#login(LoginRequest)

Async:
    Async started = false
     Async result = null

Resolved Exception:
             Type = org.springframework.security.authentication.BadCredentialsException

ModelAndView:
        View name = null
             View = null
            Model = null

FlashMap:
       Attributes = null

MockHttpServletResponse:
           Status = 401
    Error message = null
          Headers = [Vary:"Origin", "Access-Control-Request-Method", "Access-Control-Request-Headers", Content-Type:"application/json", X-Content-Type-Options:"nosniff", X-XSS-Protection:"0", Cache-Control:"no-cache, no-store, max-age=0, must-revalidate", Pragma:"no-cache", Expires:"0", X-Frame-Options:"DENY"]
     Content type = application/json
             Body = {"success":false,"message":"Invalid credentials","errors":["Invalid credentials"],"timestamp":"2026-06-02T08:09:58.867808Z"}
    Forwarded URL = null
   Redirected URL = null
          Cookies = []
]]></system-out>
  <system-err><![CDATA[]]></system-err>
</testsuite>
